c:\users\alexa\documents\ou\תכנות מערכות דפנסיבי\mmn 15\mmn15def\client\x64\debug\vc143.pdb
c:\users\alexa\documents\ou\תכנות מערכות דפנסיבי\mmn 15\mmn15def\client\x64\debug\vc143.idb
c:\users\alexa\documents\ou\תכנות מערכות דפנסיבי\mmn 15\mmn15def\client\x64\debug\cryptomanager.obj
c:\users\alexa\documents\ou\תכנות מערכות דפנסיבי\mmn 15\mmn15def\client\x64\debug\network.obj
c:\users\alexa\documents\ou\תכנות מערכות דפנסיבי\mmn 15\mmn15def\client\x64\debug\config.obj
c:\users\alexa\documents\ou\תכנות מערכות דפנסיבי\mmn 15\mmn15def\client\x64\debug\client.obj
c:\users\alexa\documents\ou\תכנות מערכות דפנסיבי\mmn 15\mmn15def\client\x64\debug\client_ui.obj
c:\users\alexa\documents\ou\תכנות מערכות דפנסיבי\mmn 15\mmn15def\client\x64\debug\utils.obj
c:\users\alexa\documents\ou\תכנות מערכות דפנסיבי\mmn 15\mmn15def\x64\debug\client.exe
c:\users\alexa\documents\ou\תכנות מערכות דפנסיבי\mmn 15\mmn15def\x64\debug\client.pdb
c:\users\alexa\documents\ou\תכנות מערכות דפנסיבי\mmn 15\mmn15def\client\x64\debug\client.ilk
c:\users\alexa\documents\ou\תכנות מערכות דפנסיבי\mmn 15\mmn15def\client\x64\debug\client.tlog\cl.command.1.tlog
c:\users\alexa\documents\ou\תכנות מערכות דפנסיבי\mmn 15\mmn15def\client\x64\debug\client.tlog\cl.items.tlog
c:\users\alexa\documents\ou\תכנות מערכות דפנסיבי\mmn 15\mmn15def\client\x64\debug\client.tlog\cl.read.1.tlog
c:\users\alexa\documents\ou\תכנות מערכות דפנסיבי\mmn 15\mmn15def\client\x64\debug\client.tlog\cl.write.1.tlog
c:\users\alexa\documents\ou\תכנות מערכות דפנסיבי\mmn 15\mmn15def\client\x64\debug\client.tlog\link-cvtres.read.1.tlog
c:\users\alexa\documents\ou\תכנות מערכות דפנסיבי\mmn 15\mmn15def\client\x64\debug\client.tlog\link-cvtres.write.1.tlog
c:\users\alexa\documents\ou\תכנות מערכות דפנסיבי\mmn 15\mmn15def\client\x64\debug\client.tlog\link-rc.read.1.tlog
c:\users\alexa\documents\ou\תכנות מערכות דפנסיבי\mmn 15\mmn15def\client\x64\debug\client.tlog\link-rc.write.1.tlog
c:\users\alexa\documents\ou\תכנות מערכות דפנסיבי\mmn 15\mmn15def\client\x64\debug\client.tlog\link.13268-cvtres.read.1.tlog
c:\users\alexa\documents\ou\תכנות מערכות דפנסיבי\mmn 15\mmn15def\client\x64\debug\client.tlog\link.13268-cvtres.write.1.tlog
c:\users\alexa\documents\ou\תכנות מערכות דפנסיבי\mmn 15\mmn15def\client\x64\debug\client.tlog\link.13268-rc.read.1.tlog
c:\users\alexa\documents\ou\תכנות מערכות דפנסיבי\mmn 15\mmn15def\client\x64\debug\client.tlog\link.13268-rc.write.1.tlog
c:\users\alexa\documents\ou\תכנות מערכות דפנסיבי\mmn 15\mmn15def\client\x64\debug\client.tlog\link.13268.read.1.tlog
c:\users\alexa\documents\ou\תכנות מערכות דפנסיבי\mmn 15\mmn15def\client\x64\debug\client.tlog\link.13268.read.2.tlog
c:\users\alexa\documents\ou\תכנות מערכות דפנסיבי\mmn 15\mmn15def\client\x64\debug\client.tlog\link.13268.write.1.tlog
c:\users\alexa\documents\ou\תכנות מערכות דפנסיבי\mmn 15\mmn15def\client\x64\debug\client.tlog\link.command.1.tlog
c:\users\alexa\documents\ou\תכנות מערכות דפנסיבי\mmn 15\mmn15def\client\x64\debug\client.tlog\link.read.1.tlog
c:\users\alexa\documents\ou\תכנות מערכות דפנסיבי\mmn 15\mmn15def\client\x64\debug\client.tlog\link.read.2.tlog
c:\users\alexa\documents\ou\תכנות מערכות דפנסיבי\mmn 15\mmn15def\client\x64\debug\client.tlog\link.secondary.1.tlog
c:\users\alexa\documents\ou\תכנות מערכות דפנסיבי\mmn 15\mmn15def\client\x64\debug\client.tlog\link.write.1.tlog
